Using pre-set license
Built from '2022.3/staging' branch; Version is '2022.3.9f1 (ea401c316338) revision 15351836'; Using compiler version '192829333'; Build Type 'Release'
OS: 'Windows 11  (10.0.22621) 64bit Core' Language: 'zh' Physical Memory: 16205 MB
BatchMode: 1, IsHumanControllingUs: 0, StartBugReporterOnCrash: 0, Is64bit: 1, IsPro: 1

COMMAND LINE ARGUMENTS:
C:\Program Files\Unity\Hub\Editor\2022.3.9f1\Editor\Unity.exe
-adb2
-batchMode
-noUpm
-name
AssetImportWorker0
-projectPath
C:/Users/nm402/colidetest
-logFile
Logs/AssetImportWorker0.log
-srvPort
64835
Successfully changed project path to: C:/Users/nm402/colidetest
C:/Users/nm402/colidetest
[UnityMemory] Configuration Parameters - Can be set up in boot.config
    "memorysetup-bucket-allocator-granularity=16"
    "memorysetup-bucket-allocator-bucket-count=8"
    "memorysetup-bucket-allocator-block-size=33554432"
    "memorysetup-bucket-allocator-block-count=8"
    "memorysetup-main-allocator-block-size=16777216"
    "memorysetup-thread-allocator-block-size=16777216"
    "memorysetup-gfx-main-allocator-block-size=16777216"
    "memorysetup-gfx-thread-allocator-block-size=16777216"
    "memorysetup-cache-allocator-block-size=4194304"
    "memorysetup-typetree-allocator-block-size=2097152"
    "memorysetup-profiler-bucket-allocator-granularity=16"
    "memorysetup-profiler-bucket-allocator-bucket-count=8"
    "memorysetup-profiler-bucket-allocator-block-size=33554432"
    "memorysetup-profiler-bucket-allocator-block-count=8"
    "memorysetup-profiler-allocator-block-size=16777216"
    "memorysetup-profiler-editor-allocator-block-size=1048576"
    "memorysetup-temp-allocator-size-main=16777216"
    "memorysetup-job-temp-allocator-block-size=2097152"
    "memorysetup-job-temp-allocator-block-size-background=1048576"
    "memorysetup-job-temp-allocator-reduction-small-platforms=262144"
    "memorysetup-allocator-temp-initial-block-size-main=262144"
    "memorysetup-allocator-temp-initial-block-size-worker=262144"
    "memorysetup-temp-allocator-size-background-worker=32768"
    "memorysetup-temp-allocator-size-job-worker=262144"
    "memorysetup-temp-allocator-size-preload-manager=33554432"
    "memorysetup-temp-allocator-size-nav-mesh-worker=65536"
    "memorysetup-temp-allocator-size-audio-worker=65536"
    "memorysetup-temp-allocator-size-cloud-worker=32768"
    "memorysetup-temp-allocator-size-gi-baking-worker=262144"
    "memorysetup-temp-allocator-size-gfx=262144"
Player connection [22144] Host "[IP] 192.168.0.183 [Port] 0 [Flags] 2 [Guid] 4012207761 [EditorId] 4012207761 [Version] 1048832 [Id] WindowsEditor(7,ching) [Debug] 1 [PackageName] WindowsEditor [ProjectName] Editor" joined multi-casting on [225.0.0.222:54997]...

Player connection [22144] Host "[IP] 192.168.0.183 [Port] 0 [Flags] 2 [Guid] 4012207761 [EditorId] 4012207761 [Version] 1048832 [Id] WindowsEditor(7,ching) [Debug] 1 [PackageName] WindowsEditor [ProjectName] Editor" joined alternative multi-casting on [225.0.0.222:34997]...

[Physics::Module] Initialized MultithreadedJobDispatcher with 11 workers.
Refreshing native plugins compatible for Editor in 9.94 ms, found 3 plugins.
Preloading 0 native plugins for Editor in 0.00 ms.
Initialize engine version: 2022.3.9f1 (ea401c316338)
[Subsystems] Discovering subsystems at path C:/Program Files/Unity/Hub/Editor/2022.3.9f1/Editor/Data/Resources/UnitySubsystems
[Subsystems] Discovering subsystems at path C:/Users/nm402/colidetest/Assets
GfxDevice: creating device client; threaded=0; jobified=0
Direct3D:
    Version:  Direct3D 11.0 [level 11.1]
    Renderer: NVIDIA GeForce RTX 3050 Laptop GPU (ID=0x25a2)
    Vendor:   NVIDIA
    VRAM:     3977 MB
    Driver:   31.0.15.3623
Initialize mono
Mono path[0] = 'C:/Program Files/Unity/Hub/Editor/2022.3.9f1/Editor/Data/Managed'
Mono path[1] = 'C:/Program Files/Unity/Hub/Editor/2022.3.9f1/Editor/Data/MonoBleedingEdge/lib/mono/unityjit-win32'
Mono config path = 'C:/Program Files/Unity/Hub/Editor/2022.3.9f1/Editor/Data/MonoBleedingEdge/etc'
Using monoOptions --debugger-agent=transport=dt_socket,embedding=1,server=y,suspend=n,address=127.0.0.1:56096
Begin MonoManager ReloadAssembly
Registering precompiled unity dll's ...
Register platform support module: C:/Program Files/Unity/Hub/Editor/2022.3.9f1/Editor/Data/PlaybackEngines/WebGLSupport/UnityEditor.WebGL.Extensions.dll
Register platform support module: C:/Program Files/Unity/Hub/Editor/2022.3.9f1/Editor/Data/PlaybackEngines/WindowsStandaloneSupport/UnityEditor.WindowsStandalone.Extensions.dll
Registered in 0.011825 seconds.
- Loaded All Assemblies, in  0.417 seconds
Native extension for WindowsStandalone target not found
Native extension for WebGL target not found
Mono: successfully reloaded assembly
- Finished resetting the current domain, in  0.303 seconds
Domain Reload Profiling: 717ms
	BeginReloadAssembly (121ms)
		ExecutionOrderSort (0ms)
		DisableScriptedObjects (0ms)
		BackupInstance (0ms)
		ReleaseScriptingObjects (0ms)
		CreateAndSetChildDomain (1ms)
	RebuildCommonClasses (39ms)
	RebuildNativeTypeToScriptingClass (12ms)
	initialDomainReloadingComplete (76ms)
	LoadAllAssembliesAndSetupDomain (166ms)
		LoadAssemblies (118ms)
		RebuildTransferFunctionScriptingTraits (0ms)
		AnalyzeDomain (164ms)
			TypeCache.Refresh (162ms)
				TypeCache.ScanAssembly (146ms)
			ScanForSourceGeneratedMonoScriptInfo (0ms)
			ResolveRequiredComponents (0ms)
	FinalizeReload (304ms)
		ReleaseScriptCaches (0ms)
		RebuildScriptCaches (0ms)
		SetupLoadedEditorAssemblies (231ms)
			LogAssemblyErrors (0ms)
			InitializePlatformSupportModulesInManaged (14ms)
			SetLoadedEditorAssemblies (6ms)
			RefreshPlugins (0ms)
			BeforeProcessingInitializeOnLoad (2ms)
			ProcessInitializeOnLoadAttributes (145ms)
			ProcessInitializeOnLoadMethodAttributes (64ms)
			AfterProcessingInitializeOnLoad (0ms)
			EditorAssembliesLoaded (0ms)
		ExecutionOrderSort2 (0ms)
		AwakeInstancesAfterBackupRestoration (0ms)
========================================================================
Worker process is ready to serve import requests
Begin MonoManager ReloadAssembly
- Loaded All Assemblies, in  0.609 seconds
Refreshing native plugins compatible for Editor in 3.63 ms, found 3 plugins.
Native extension for WindowsStandalone target not found
Native extension for WebGL target not found
Package Manager log level set to [2]
[Package Manager] Server::EnsureServerProcessIsRunning -- launch failed, reason: Unity was launched with the -noUpm command-line argument
[Package Manager] UpmClient::Send -- Unable to send message (not connected to UPM process).
[Package Manager] Cannot connect to Unity Package Manager local server
Mono: successfully reloaded assembly
- Finished resetting the current domain, in  0.517 seconds
Domain Reload Profiling: 1123ms
	BeginReloadAssembly (162ms)
		ExecutionOrderSort (0ms)
		DisableScriptedObjects (6ms)
		BackupInstance (0ms)
		ReleaseScriptingObjects (0ms)
		CreateAndSetChildDomain (23ms)
	RebuildCommonClasses (32ms)
	RebuildNativeTypeToScriptingClass (10ms)
	initialDomainReloadingComplete (42ms)
	LoadAllAssembliesAndSetupDomain (359ms)
		LoadAssemblies (284ms)
		RebuildTransferFunctionScriptingTraits (0ms)
		AnalyzeDomain (166ms)
			TypeCache.Refresh (148ms)
				TypeCache.ScanAssembly (134ms)
			ScanForSourceGeneratedMonoScriptInfo (12ms)
			ResolveRequiredComponents (4ms)
	FinalizeReload (517ms)
		ReleaseScriptCaches (0ms)
		RebuildScriptCaches (0ms)
		SetupLoadedEditorAssemblies (380ms)
			LogAssemblyErrors (0ms)
			InitializePlatformSupportModulesInManaged (8ms)
			SetLoadedEditorAssemblies (4ms)
			RefreshPlugins (0ms)
			BeforeProcessingInitializeOnLoad (62ms)
			ProcessInitializeOnLoadAttributes (279ms)
			ProcessInitializeOnLoadMethodAttributes (17ms)
			AfterProcessingInitializeOnLoad (10ms)
			EditorAssembliesLoaded (0ms)
		ExecutionOrderSort2 (0ms)
		AwakeInstancesAfterBackupRestoration (10ms)
Launched and connected shader compiler UnityShaderCompiler.exe after 0.04 seconds
Refreshing native plugins compatible for Editor in 3.96 ms, found 3 plugins.
Preloading 0 native plugins for Editor in 0.00 ms.
Unloading 3085 Unused Serialized files (Serialized files now loaded: 0)
Unloading 31 unused Assets / (56.8 KB). Loaded Objects now: 3567.
Memory consumption went from 187.1 MB to 187.1 MB.
Total: 3.103100 ms (FindLiveObjects: 0.281900 ms CreateObjectMapping: 0.282500 ms MarkObjects: 2.435900 ms  DeleteObjects: 0.102100 ms)

AssetImportParameters requested are different than current active one (requested -> active):
  custom:container-demuxer-ogg: 62fdf1f143b41e24485cea50d1cbac27 -> 
  custom:video-codec-MediaFoundation-h265: e54d7ab0439102e2317fc1e4b246158d -> 
  custom:video-decoder-ogg-theora: a1e56fd34408186e4bbccfd4996cb3dc -> 
  custom:framework-win-MediaFoundation: 216162199b28c13a410421893ffa2e32 -> 
  custom:container-demuxer-webm: 4f35f7cbe854078d1ac9338744f61a02 -> 
  custom:container-muxer-webm: aa71ff27fc2769a1b78a27578f13a17b -> 
  custom:video-decoder-webm-vp8: 9c59270c3fd7afecdb556c50c9e8de78 -> 
  custom:AudioImporter_EditorPlatform: d09bf68614088b80899f8185d706f6e7 -> 
  custom:video-encoder-webm-vp8: eb34c28f22e8b96e1ab97ce403110664 -> 
  custom:audio-decoder-ogg-vorbis: bf7c407c2cedff20999df2af8eb42d56 -> 
  custom:audio-encoder-webm-vorbis: bf7c407c2cedff20999df2af8eb42d56 -> 
========================================================================
Received Import Request.
  Time since last request: 232936.429189 seconds.
  path: Assets/Same Gev Dudios/Sci-Fi Robots Bundle/Prefabs/Paperman.prefab
  artifactKey: Guid(604af0702049fbf47996180b57272c50) Importer(815301076,1909f56bfc062723c751e8b465ee728b)
Start importing Assets/Same Gev Dudios/Sci-Fi Robots Bundle/Prefabs/Paperman.prefab using Guid(604af0702049fbf47996180b57272c50) Importer(815301076,1909f56bfc062723c751e8b465ee728b)  -> (artifact id: '0b545e09ea34d8792ad2b77debca0487') in 0.094255 seconds
Number of updated asset objects reloaded before import = 0
Number of asset objects unloaded after import = 166
========================================================================
Received Import Request.
  Time since last request: 5.707331 seconds.
  path: Assets/Same Gev Dudios/Sci-Fi Robots Bundle/Models/Robert.fbx
  artifactKey: Guid(c31501b18d95d82419dad970a9527842) Importer(815301076,1909f56bfc062723c751e8b465ee728b)
Start importing Assets/Same Gev Dudios/Sci-Fi Robots Bundle/Models/Robert.fbx using Guid(c31501b18d95d82419dad970a9527842) Importer(815301076,1909f56bfc062723c751e8b465ee728b)  -> (artifact id: 'c9821ead1e3f96051f5168c9ee47183f') in 0.075133 seconds
Number of updated asset objects reloaded before import = 0
Number of asset objects unloaded after import = 167
========================================================================
Received Import Request.
  Time since last request: 13.418302 seconds.
  path: Assets/Same Gev Dudios/Sci-Fi Robots Bundle/Prefabs/Robert.prefab
  artifactKey: Guid(266c26c5b8f5f51468601907054a4de1) Importer(815301076,1909f56bfc062723c751e8b465ee728b)
Start importing Assets/Same Gev Dudios/Sci-Fi Robots Bundle/Prefabs/Robert.prefab using Guid(266c26c5b8f5f51468601907054a4de1) Importer(815301076,1909f56bfc062723c751e8b465ee728b)  -> (artifact id: 'd042c75e454eb2d046fa10eb266a3c48') in 0.013855 seconds
Number of updated asset objects reloaded before import = 0
Number of asset objects unloaded after import = 167
========================================================================
Received Import Request.
  Time since last request: 38.847097 seconds.
  path: Assets/Same Gev Dudios/Sci-Fi Robots Bundle/Textures/Paperman/Paperman Roughness.png
  artifactKey: Guid(df5a1c82e3655d548a6bd7ea1a64ab22) Importer(815301076,1909f56bfc062723c751e8b465ee728b)
Start importing Assets/Same Gev Dudios/Sci-Fi Robots Bundle/Textures/Paperman/Paperman Roughness.png using Guid(df5a1c82e3655d548a6bd7ea1a64ab22) Importer(815301076,1909f56bfc062723c751e8b465ee728b)  -> (artifact id: '45295c694c07efa38cde4ff0a7c4765e') in 0.023364 seconds
Number of updated asset objects reloaded before import = 0
Number of asset objects unloaded after import = 2
========================================================================
Received Import Request.
  Time since last request: 2.428984 seconds.
  path: Assets/Same Gev Dudios/Sci-Fi Robots Bundle/Textures/Catherine
  artifactKey: Guid(810a8726531a4d94685ae3d410b52cf5) Importer(815301076,1909f56bfc062723c751e8b465ee728b)
Start importing Assets/Same Gev Dudios/Sci-Fi Robots Bundle/Textures/Catherine using Guid(810a8726531a4d94685ae3d410b52cf5) Importer(815301076,1909f56bfc062723c751e8b465ee728b)  -> (artifact id: 'a350abe3a38ef60168cf5aadce648d57') in 0.000803 seconds
Number of updated asset objects reloaded before import = 0
Number of asset objects unloaded after import = 0
========================================================================
Received Import Request.
  Time since last request: 4.699493 seconds.
  path: Assets/Same Gev Dudios/Sci-Fi Robots Bundle/Textures/Catherine/Catherine Base Color.png
  artifactKey: Guid(b691ba6a97fcaf34f8502b726a4f3b9a) Importer(815301076,1909f56bfc062723c751e8b465ee728b)
Start importing Assets/Same Gev Dudios/Sci-Fi Robots Bundle/Textures/Catherine/Catherine Base Color.png using Guid(b691ba6a97fcaf34f8502b726a4f3b9a) Importer(815301076,1909f56bfc062723c751e8b465ee728b)  -> (artifact id: '5e8bbf1229a8b07257516920267b612c') in 0.018594 seconds
Number of updated asset objects reloaded before import = 0
Number of asset objects unloaded after import = 2
========================================================================
Received Prepare
Refreshing native plugins compatible for Editor in 3.73 ms, found 3 plugins.
Preloading 0 native plugins for Editor in 0.00 ms.
Unloading 0 Unused Serialized files (Serialized files now loaded: 0)
Unloading 1 unused Assets / (0.8 KB). Loaded Objects now: 3615.
Memory consumption went from 142.0 MB to 142.0 MB.
Total: 3.645200 ms (FindLiveObjects: 0.276700 ms CreateObjectMapping: 0.246600 ms MarkObjects: 3.096000 ms  DeleteObjects: 0.025000 ms)

Prepare: number of updated asset objects reloaded= 0
AssetImportParameters requested are different than current active one (requested -> active):
  custom:container-demuxer-ogg: 62fdf1f143b41e24485cea50d1cbac27 -> 
  custom:video-codec-MediaFoundation-h265: e54d7ab0439102e2317fc1e4b246158d -> 
  custom:video-decoder-ogg-theora: a1e56fd34408186e4bbccfd4996cb3dc -> 
  custom:framework-win-MediaFoundation: 216162199b28c13a410421893ffa2e32 -> 
  custom:CustomObjectIndexerAttribute: 756ad292c208cfabdd7b50bc23989ffe -> 
  custom:container-demuxer-webm: 4f35f7cbe854078d1ac9338744f61a02 -> 
  custom:container-muxer-webm: aa71ff27fc2769a1b78a27578f13a17b -> 
  custom:video-decoder-webm-vp8: 9c59270c3fd7afecdb556c50c9e8de78 -> 
  custom:SearchIndexIgnoredProperties: e643bd26f0fe6173181afceb89e7c659 -> 
  custom:AudioImporter_EditorPlatform: d09bf68614088b80899f8185d706f6e7 -> 
  custom:video-encoder-webm-vp8: eb34c28f22e8b96e1ab97ce403110664 -> 
  custom:audio-decoder-ogg-vorbis: bf7c407c2cedff20999df2af8eb42d56 -> 
  custom:audio-encoder-webm-vorbis: bf7c407c2cedff20999df2af8eb42d56 -> 
========================================================================
Received Import Request.
  Time since last request: 119.760296 seconds.
  path: Assets/Animation
  artifactKey: Guid(9ba85f5c5620efd48b1f44445a76086f) Importer(815301076,1909f56bfc062723c751e8b465ee728b)
Start importing Assets/Animation using Guid(9ba85f5c5620efd48b1f44445a76086f) Importer(815301076,1909f56bfc062723c751e8b465ee728b)  -> (artifact id: '13b7edf8869649aefba04f58c986ed8b') in 0.004141 seconds
Number of updated asset objects reloaded before import = 0
Number of asset objects unloaded after import = 0
========================================================================
Received Import Request.
  Time since last request: 19.257018 seconds.
  path: Assets/Animation/New Animation.anim
  artifactKey: Guid(4982781beaad18f40bd3d384388583a3) Importer(815301076,1909f56bfc062723c751e8b465ee728b)
Start importing Assets/Animation/New Animation.anim using Guid(4982781beaad18f40bd3d384388583a3) Importer(815301076,1909f56bfc062723c751e8b465ee728b)  -> (artifact id: 'cc2931269ac84693857a4c88b85dd384') in 0.001187 seconds
Number of updated asset objects reloaded before import = 0
Number of asset objects unloaded after import = 1
========================================================================
Received Import Request.
  Time since last request: 0.955363 seconds.
  path: Assets/Animation/Paperman.controller
  artifactKey: Guid(d30014fbad0b4824daaae99d70fe1dc2) Importer(815301076,1909f56bfc062723c751e8b465ee728b)
Start importing Assets/Animation/Paperman.controller using Guid(d30014fbad0b4824daaae99d70fe1dc2) Importer(815301076,1909f56bfc062723c751e8b465ee728b)  -> (artifact id: 'b4d3d21949ea017a2e098db267d94943') in 0.001617 seconds
Number of updated asset objects reloaded before import = 0
Number of asset objects unloaded after import = 1
========================================================================
Received Import Request.
  Time since last request: 610.431566 seconds.
  path: Assets/Animation/HEAD.anim
  artifactKey: Guid(ad8c023e49210e74f98acc933417e04a) Importer(815301076,1909f56bfc062723c751e8b465ee728b)
Start importing Assets/Animation/HEAD.anim using Guid(ad8c023e49210e74f98acc933417e04a) Importer(815301076,1909f56bfc062723c751e8b465ee728b)  -> (artifact id: '72f1785b667ec1f72367a68ab87a424a') in 0.001663 seconds
Number of updated asset objects reloaded before import = 0
Number of asset objects unloaded after import = 1
========================================================================
Received Import Request.
  Time since last request: 994.919595 seconds.
  path: Assets/Animation/body.anim
  artifactKey: Guid(23c3b6aa43d587246871091e2fbd195b) Importer(815301076,1909f56bfc062723c751e8b465ee728b)
Start importing Assets/Animation/body.anim using Guid(23c3b6aa43d587246871091e2fbd195b) Importer(815301076,1909f56bfc062723c751e8b465ee728b)  -> (artifact id: '4092ae8ff7c74961db8c1b10a76b445d') in 0.001569 seconds
Number of updated asset objects reloaded before import = 0
Number of asset objects unloaded after import = 1
========================================================================
Received Import Request.
  Time since last request: 12.727356 seconds.
  path: Assets/Animation/Paperman 1.controller
  artifactKey: Guid(b7e9e951b6a0589408b276c94c63c9ee) Importer(815301076,1909f56bfc062723c751e8b465ee728b)
Start importing Assets/Animation/Paperman 1.controller using Guid(b7e9e951b6a0589408b276c94c63c9ee) Importer(815301076,1909f56bfc062723c751e8b465ee728b)  -> (artifact id: '060db3ed09d669e9a3bffcb0beb0e298') in 0.001016 seconds
Number of updated asset objects reloaded before import = 0
Number of asset objects unloaded after import = 1
========================================================================
Received Import Request.
  Time since last request: 441.649121 seconds.
  path: Assets/Animation/headshake.anim
  artifactKey: Guid(23c3b6aa43d587246871091e2fbd195b) Importer(815301076,1909f56bfc062723c751e8b465ee728b)
Start importing Assets/Animation/headshake.anim using Guid(23c3b6aa43d587246871091e2fbd195b) Importer(815301076,1909f56bfc062723c751e8b465ee728b)  -> (artifact id: 'ca28ec20ef783e2e1bb510a7e788666a') in 0.001967 seconds
Number of updated asset objects reloaded before import = 0
Number of asset objects unloaded after import = 1
========================================================================
Received Import Request.
  Time since last request: 27.600994 seconds.
  path: Assets/Animation/run.anim
  artifactKey: Guid(ad8c023e49210e74f98acc933417e04a) Importer(815301076,1909f56bfc062723c751e8b465ee728b)
Start importing Assets/Animation/run.anim using Guid(ad8c023e49210e74f98acc933417e04a) Importer(815301076,1909f56bfc062723c751e8b465ee728b)  -> (artifact id: '543cf354694329ecc470fd77fb75ef1d') in 0.001100 seconds
Number of updated asset objects reloaded before import = 0
Number of asset objects unloaded after import = 1
